<?xml version="1.0" encoding="UTF-8"?>
<!-- Generated by org.testng.reporters.JUnitXMLReporter -->
<testsuite hostname="DESKTOP-98QAHSS" ignored="0" name="Default test" tests="2" failures="0" timestamp="16 Apr 2018 11:34:33 GMT" time="6.059" errors="0">
  <testcase name="createStudent" time="5.3" classname="com.studentapp.junit.studentsInfo.StudentsCRUDTestTestNG"/>
  <testcase name="getStudent" time="0.201" classname="com.studentapp.junit.studentsInfo.StudentsCRUDTestTestNG"/>
</testsuite> <!-- Default test -->
