<?xml version="1.0" encoding="UTF-8"?>
<testng-results skipped="0" failed="0" ignored="0" total="2" passed="2">
  <reporter-output>
  </reporter-output>
  <suite name="Default suite" duration-ms="6059" started-at="2018-04-16T11:34:27Z" finished-at="2018-04-16T11:34:33Z">
    <groups>
    </groups>
    <test name="Default test" duration-ms="6059" started-at="2018-04-16T11:34:27Z" finished-at="2018-04-16T11:34:33Z">
      <class name="com.studentapp.junit.studentsInfo.StudentsCRUDTestTestNG">
        <test-method status="PASS" signature="init()[pri:0, instance:com.studentapp.junit.studentsInfo.StudentsCRUDTestTestNG@6e38921c]" name="init" is-config="true" duration-ms="484" started-at="2018-04-16T11:34:27Z" finished-at="2018-04-16T11:34:28Z">
          <reporter-output>
          </reporter-output>
        </test-method> <!-- init -->
        <test-method status="PASS" signature="createStudent()[pri:0, instance:com.studentapp.junit.studentsInfo.StudentsCRUDTestTestNG@6e38921c]" name="createStudent" duration-ms="5300" started-at="2018-04-16T11:34:28Z" finished-at="2018-04-16T11:34:33Z">
          <reporter-output>
          </reporter-output>
        </test-method> <!-- createStudent -->
        <test-method status="PASS" signature="getStudent()[pri:1, instance:com.studentapp.junit.studentsInfo.StudentsCRUDTestTestNG@6e38921c]" name="getStudent" duration-ms="201" started-at="2018-04-16T11:34:33Z" finished-at="2018-04-16T11:34:33Z">
          <reporter-output>
          </reporter-output>
        </test-method> <!-- getStudent -->
      </class> <!-- com.studentapp.junit.studentsInfo.StudentsCRUDTestTestNG -->
    </test> <!-- Default test -->
  </suite> <!-- Default suite -->
</testng-results>
